This is pdfTeX, Version 3.1415926-2.5-1.40.14 (MiKTeX 2.9) (preloaded format=pdflatex 2015.4.7)  30 APR 2015 19:39
entering extended mode
**main.tex
(C:\Users\Brian\Desktop\Masters-Thesis\main.tex
LaTeX2e <2011/06/27>
Babel <v3.8m> and hyphenation patterns for english, afrikaans, ancientgreek, ar
abic, armenian, assamese, basque, bengali, bokmal, bulgarian, catalan, coptic, 
croatian, czech, danish, dutch, esperanto, estonian, farsi, finnish, french, ga
lician, german, german-x-2013-05-26, greek, gujarati, hindi, hungarian, iceland
ic, indonesian, interlingua, irish, italian, kannada, kurmanji, latin, latvian,
 lithuanian, malayalam, marathi, mongolian, mongolianlmc, monogreek, ngerman, n
german-x-2013-05-26, nynorsk, oriya, panjabi, pinyin, polish, portuguese, roman
ian, russian, sanskrit, serbian, slovak, slovenian, spanish, swedish, swissgerm
an, tamil, telugu, turkish, turkmen, ukenglish, ukrainian, uppersorbian, usengl
ishmax, welsh, loaded.
("C:\Program Files (x86)\MiKTeX 2.9\tex\latex\base\latex209.def"
File: latex209.def 1998/05/13 v0.52 Standard LaTeX file


          Entering LaTeX 2.09 COMPATIBILITY MODE
 *************************************************************
    !!WARNING!!    !!WARNING!!    !!WARNING!!    !!WARNING!!   
 
 This mode attempts to provide an emulation of the LaTeX 2.09
 author environment so that OLD documents can be successfully
 processed. It should NOT be used for NEW documents!
 
 New documents should use Standard LaTeX conventions and start
 with the \documentclass command.
 
 Compatibility mode is UNLIKELY TO WORK with LaTeX 2.09 style
 files that change any internal macros, especially not with
 those that change the FONT SELECTION or OUTPUT ROUTINES.
 
 Therefore such style files MUST BE UPDATED to use
          Current Standard LaTeX: LaTeX2e.
 If you suspect that you may be using such a style file, which
 is probably very, very old by now, then you should attempt to
 get it updated by sending a copy of this error message to the
 author of that file.
 *************************************************************

\footheight=\dimen102
\@maxsep=\dimen103
\@dblmaxsep=\dimen104
\@cla=\count79
\@clb=\count80
\mscount=\count81
("C:\Program Files (x86)\MiKTeX 2.9\tex\latex\base\tracefnt.sty"
Package: tracefnt 1997/05/29 v3.0j Standard LaTeX package (font tracing)
\tracingfonts=\count82
LaTeX Info: Redefining \selectfont on input line 101.
)
\symbold=\mathgroup4
\symsans=\mathgroup5
\symtypewriter=\mathgroup6
\symitalic=\mathgroup7
\symsmallcaps=\mathgroup8
\symslanted=\mathgroup9
LaTeX Font Info:    Redeclaring math alphabet \mathbf on input line 293.
LaTeX Font Info:    Redeclaring math alphabet \mathsf on input line 294.
LaTeX Font Info:    Redeclaring math alphabet \mathtt on input line 295.
LaTeX Font Info:    Redeclaring math alphabet \mathit on input line 301.
LaTeX Info: Redefining \em on input line 311.

("C:\Program Files (x86)\MiKTeX 2.9\tex\latex\base\latexsym.sty"
Package: latexsym 1998/08/17 v2.2e Standard LaTeX package (lasy symbols)
\symlasy=\mathgroup10
LaTeX Font Info:    Overwriting symbol font `lasy' in version `bold'
(Font)                  U/lasy/m/n --> U/lasy/b/n on input line 47.
)
LaTeX Font Info:    Redeclaring math delimiter \lgroup on input line 375.
LaTeX Font Info:    Redeclaring math delimiter \rgroup on input line 377.
LaTeX Font Info:    Redeclaring math delimiter \bracevert on input line 379.
)
Compatibility mode: loading poly3.sty rather than poly3.cls.

(C:\Users\Brian\Desktop\Masters-Thesis\poly3.sty
Document Style 'eethesis', version 1.0, Released 16 May 1986
(C:\Users\Brian\Desktop\Masters-Thesis\eecommands.sty)
\descriptionmargin=\dimen105
\c@subequation=\count83
\c@part=\count84
\c@chapter=\count85
\c@section=\count86
\c@subsection=\count87
\c@subsubsection=\count88
\c@paragraph=\count89
\c@subparagraph=\count90
\c@figure=\count91
\c@table=\count92
)
("C:\Program Files (x86)\MiKTeX 2.9\tex\latex\eepic\epic.sty"
Enhancements to Picture Environment. Version 1.2 - Released June 1, 1986
\@@multicnt=\count93
\d@lta=\count94
\@delta=\dimen106
\@@delta=\dimen107
\@gridcnt=\count95
\@joinkind=\count96
\@dotgap=\dimen108
\@ddotgap=\dimen109
\@x@diff=\count97
\@y@diff=\count98
\x@diff=\dimen110
\y@diff=\dimen111
\@dotbox=\box26
\num@segments=\count99
\num@segmentsi=\count100
\@datafile=\read1
) ("C:\Program Files (x86)\MiKTeX 2.9\tex\latex\eepic\eepic.sty"
Extension to Epic and LaTeX. Version 1.1e - Released Dec 21, 1999
\@gphlinewidth=\count101
\@eepictcnt=\count102
\@tempdimc=\dimen112
\maxovaldiam=\dimen113
\@filltype=\box27
) ("C:\Program Files (x86)\MiKTeX 2.9\tex\latex\graphics\graphicx.sty"
Package: graphicx 1999/02/16 v1.0f Enhanced LaTeX Graphics (DPC,SPQR)

("C:\Program Files (x86)\MiKTeX 2.9\tex\latex\graphics\keyval.sty"
Package: keyval 1999/03/16 v1.13 key=value parser (DPC)
\KV@toks@=\toks14
)
("C:\Program Files (x86)\MiKTeX 2.9\tex\latex\graphics\graphics.sty"
Package: graphics 2009/02/05 v1.0o Standard LaTeX Graphics (DPC,SPQR)

("C:\Program Files (x86)\MiKTeX 2.9\tex\latex\graphics\trig.sty"
Package: trig 1999/03/16 v1.09 sin cos tan (DPC)
)
("C:\Program Files (x86)\MiKTeX 2.9\tex\latex\00miktex\graphics.cfg"
File: graphics.cfg 2007/01/18 v1.5 graphics configuration of teTeX/TeXLive
)
Package graphics Info: Driver file: pdftex.def on input line 91.

("C:\Program Files (x86)\MiKTeX 2.9\tex\latex\pdftex-def\pdftex.def"
File: pdftex.def 2011/05/27 v0.06d Graphics/color for pdfTeX

("C:\Program Files (x86)\MiKTeX 2.9\tex\generic\oberdiek\infwarerr.sty"
Package: infwarerr 2010/04/08 v1.3 Providing info/warning/error messages (HO)
)
("C:\Program Files (x86)\MiKTeX 2.9\tex\generic\oberdiek\ltxcmds.sty"
Package: ltxcmds 2011/11/09 v1.22 LaTeX kernel commands for general use (HO)
)
\Gread@gobject=\count103
))
\Gin@req@height=\dimen114
\Gin@req@width=\dimen115
)
("C:\Program Files (x86)\MiKTeX 2.9\tex\latex\tools\tabularx.sty"
Package: tabularx 1999/01/07 v2.07 `tabularx' package (DPC)

("C:\Program Files (x86)\MiKTeX 2.9\tex\latex\tools\array.sty"
Package: array 2008/09/09 v2.4c Tabular extension package (FMi)
\col@sep=\dimen116
\extrarowheight=\dimen117
\NC@list=\toks15
\extratabsurround=\skip41
\backup@length=\skip42
)
\TX@col@width=\dimen118
\TX@old@table=\dimen119
\TX@old@col=\dimen120
\TX@target=\dimen121
\TX@delta=\dimen122
\TX@cols=\count104
\TX@ftn=\toks16
)
("C:\Program Files (x86)\MiKTeX 2.9\tex\latex\mathtools\mathtools.sty"
Package: mathtools 2014/07/16 v1.15 mathematical typesetting tools

("C:\Program Files (x86)\MiKTeX 2.9\tex\latex\tools\calc.sty"
Package: calc 2007/08/22 v4.3 Infix arithmetic (KKT,FJ)
\calc@Acount=\count105
\calc@Bcount=\count106
\calc@Adimen=\dimen123
\calc@Bdimen=\dimen124
\calc@Askip=\skip43
\calc@Bskip=\skip44
LaTeX Info: Redefining \setlength on input line 76.
LaTeX Info: Redefining \addtolength on input line 77.
\calc@Ccount=\count107
\calc@Cskip=\skip45
)
("C:\Program Files (x86)\MiKTeX 2.9\tex\latex\mathtools\mhsetup.sty"
Package: mhsetup 2010/01/21 v1.2a programming setup (MH)
)
("C:\Program Files (x86)\MiKTeX 2.9\tex\latex\amsmath\amsmath.sty"
Package: amsmath 2013/01/14 v2.14 AMS math features
\@mathmargin=\skip46

For additional information on amsmath, use the `?' option.
("C:\Program Files (x86)\MiKTeX 2.9\tex\latex\amsmath\amstext.sty"
Package: amstext 2000/06/29 v2.01

("C:\Program Files (x86)\MiKTeX 2.9\tex\latex\amsmath\amsgen.sty"
File: amsgen.sty 1999/11/30 v2.0
\@emptytoks=\toks17
\ex@=\dimen125
))
("C:\Program Files (x86)\MiKTeX 2.9\tex\latex\amsmath\amsbsy.sty"
Package: amsbsy 1999/11/29 v1.2d
\pmbraise@=\dimen126
)
("C:\Program Files (x86)\MiKTeX 2.9\tex\latex\amsmath\amsopn.sty"
Package: amsopn 1999/12/14 v2.01 operator names
)
\inf@bad=\count108
LaTeX Info: Redefining \frac on input line 210.
\uproot@=\count109
\leftroot@=\count110
LaTeX Info: Redefining \overline on input line 306.
\classnum@=\count111
\DOTSCASE@=\count112
LaTeX Info: Redefining \ldots on input line 378.
LaTeX Info: Redefining \dots on input line 381.
LaTeX Info: Redefining \cdots on input line 466.
\Mathstrutbox@=\box28
\strutbox@=\box29
\big@size=\dimen127
LaTeX Font Info:    Redeclaring font encoding OML on input line 566.
LaTeX Font Info:    Redeclaring font encoding OMS on input line 567.
\macc@depth=\count113
\c@MaxMatrixCols=\count114
\dotsspace@=\muskip10
\c@parentequation=\count115
\dspbrk@lvl=\count116
\tag@help=\toks18
\row@=\count117
\column@=\count118
\maxfields@=\count119
\andhelp@=\toks19
\eqnshift@=\dimen128
\alignsep@=\dimen129
\tagshift@=\dimen130
\tagwidth@=\dimen131
\totwidth@=\dimen132
\lineht@=\dimen133
\@envbody=\toks20
\multlinegap=\skip47
\multlinetaggap=\skip48
\mathdisplay@stack=\toks21
LaTeX Info: Redefining \[ on input line 2665.
LaTeX Info: Redefining \] on input line 2666.
)
LaTeX Info: Thecontrolsequence`\['isalreadyrobust on input line 129.
LaTeX Info: Thecontrolsequence`\]'isalreadyrobust on input line 129.
\g_MT_multlinerow_int=\count120
\l_MT_multwidth_dim=\dimen134
\origjot=\skip49
\l_MT_shortvdotswithinadjustabove_dim=\dimen135
\l_MT_shortvdotswithinadjustbelow_dim=\dimen136
\l_MT_above_intertext_sep=\dimen137
\l_MT_below_intertext_sep=\dimen138
\l_MT_above_shortintertext_sep=\dimen139
\l_MT_below_shortintertext_sep=\dimen140
)
("C:\Program Files (x86)\MiKTeX 2.9\tex\latex\cite\cite.sty"
LaTeX Info: Redefining \cite on input line 302.
LaTeX Info: Redefining \nocite on input line 332.
Package: cite 2015/02/27  v 5.5
)
("C:\Program Files (x86)\MiKTeX 2.9\tex\latex\subfig\subfig.sty"
Package: subfig 2005/06/28 ver: 1.3 subfig package


Package subfig Warning: Your document class has a bad definition
 of \endfigure, most likely
 \let\endfigure=\end@float
 which has now been changed to
 \def\endfigure{\end@float}
 because otherwise subsequent changes to \end@float
 (like done by several packages changing float behaviour)
 can't take effect on \endfigure.
 Please complain to your document class author.


Package subfig Warning: Your document class has a bad definition
 of \endtable, most likely
 \let\endtable=\end@float
 which has now been changed to
 \def\endtable{\end@float}
 because otherwise subsequent changes to \end@float
 (like done by several packages changing float behaviour)
 can't take effect on \endtable.
 Please complain to your document class author.

("C:\Program Files (x86)\MiKTeX 2.9\tex\latex\caption\caption.sty"
Package: caption 2013/05/02 v3.3-89 Customizing captions (AR)

("C:\Program Files (x86)\MiKTeX 2.9\tex\latex\caption\caption3.sty"
Package: caption3 2013/05/02 v1.6-88 caption3 kernel (AR)
Package caption3 Info: TeX engine: e-TeX on input line 57.
\captionmargin=\dimen141
\captionmargin@=\dimen142
\captionwidth=\dimen143
\caption@tempdima=\dimen144
\caption@indent=\dimen145
\caption@parindent=\dimen146
\caption@hangindent=\dimen147
\abovecaptionskip=\skip50
\belowcaptionskip=\skip51
Package caption Info: Unknown document class (or package),
(caption)             standard defaults will be used.
)

Package caption Warning: Unsupported document class (or package) detected,
(caption)                usage of the caption package is not recommended.
See the caption package documentation for explanation.

Package caption Info: \@makecaption = \long macro:#1#2-> \vskip 10pt \setbox \@
tempboxa \hbox {#1: #2} \ifdim \wd \@tempboxa >\hsize #1: \small \renewcommand 
{\baselinestretch }{1}\normalsize \centering #2 \par \else \hbox to\hsize {\hfi
l \box \@tempboxa \hfil } \fi .
\c@ContinuedFloat=\count121
)
\c@KVtest=\count122
\sf@farskip=\skip52
\sf@captopadj=\dimen148
\sf@capskip=\skip53
\sf@nearskip=\skip54
\c@subfigure=\count123
\c@subfigure@save=\count124
\c@lofdepth=\count125
\c@subtable=\count126
\c@subtable@save=\count127
\c@lotdepth=\count128
\sf@top=\skip55
\sf@bottom=\skip56
) ("C:\Program Files (x86)\MiKTeX 2.9\tex\latex\appendix\appendix.sty"
Package: appendix 2009/09/02 v1.2b extra appendix facilities
\c@@pps=\count129
\c@@ppsavesec=\count130
\c@@ppsaveapp=\count131
)
("C:\Program Files (x86)\MiKTeX 2.9\tex\latex\algorithms\algorithm.sty"
Package: algorithm 2009/08/24 v0.1 Document Style `algorithm' - floating enviro
nment

("C:\Program Files (x86)\MiKTeX 2.9\tex\latex\float\float.sty"
Package: float 2001/11/08 v1.3d Float enhancements (AL)
\c@float@type=\count132
\float@exts=\toks22
\float@box=\box30
\@float@everytoks=\toks23
\@floatcapt=\box31
)
("C:\Program Files (x86)\MiKTeX 2.9\tex\latex\base\ifthen.sty"
Package: ifthen 2001/05/26 v1.1c Standard LaTeX ifthen package (DPC)
)
\@float@every@algorithm=\toks24
\c@algorithm=\count133
)
("C:\Program Files (x86)\MiKTeX 2.9\tex\latex\algorithmicx\algorithmicx.sty"
Package: algorithmicx 2005/04/27 v1.2 Algorithmicx

Document Style algorithmicx 1.2 - a greatly improved `algorithmic' style
\c@ALG@line=\count134
\c@ALG@rem=\count135
\c@ALG@nested=\count136
\ALG@tlm=\skip57
\ALG@thistlm=\skip58
\c@ALG@Lnr=\count137
\c@ALG@blocknr=\count138
\c@ALG@storecount=\count139
\c@ALG@tmpcounter=\count140
\ALG@tmplength=\skip59
) ("C:\Program Files (x86)\MiKTeX 2.9\tex\latex\algorithmicx\algpseudocode.sty"
Package: algpseudocode 
Document Style - pseudocode environments for use with the `algorithmicx' style
) ("C:\Program Files (x86)\MiKTeX 2.9\tex\latex\amsfonts\amssymb.sty"
Package: amssymb 2013/01/14 v3.01 AMS font symbols

("C:\Program Files (x86)\MiKTeX 2.9\tex\latex\amsfonts\amsfonts.sty"
Package: amsfonts 2013/01/14 v3.01 Basic AMSFonts support
\symAMSa=\mathgroup11
\symAMSb=\mathgroup12
LaTeX Font Info:    Overwriting math alphabet `\mathfrak' in version `bold'
(Font)                  U/euf/m/n --> U/euf/b/n on input line 106.
))
(C:\Users\Brian\Desktop\Masters-Thesis\preamble.tex)
("C:\Program Files (x86)\MiKTeX 2.9\tex\generic\epsf\epsf.tex"
This is `epsf.tex' v2.7.4 <14 February 2011>
\epsffilein=\read2
\epsfframemargin=\dimen149
\epsfframethickness=\dimen150
\epsfrsize=\dimen151
\epsftmp=\dimen152
\epsftsize=\dimen153
\epsfxsize=\dimen154
\epsfysize=\dimen155
\pspoints=\dimen156
)
\c@theorem=\count141
\c@definition=\count142
\c@lemma=\count143
\c@remark=\count144
\c@example=\count145
\c@assumption=\count146
 (C:\Users\Brian\Desktop\Masters-Thesis\main.aux)
LaTeX Font Info:    Checking defaults for OML/cmm/m/it on input line 30.
LaTeX Font Info:    ... okay on input line 30.
LaTeX Font Info:    Checking defaults for T1/cmr/m/n on input line 30.
LaTeX Font Info:    ... okay on input line 30.
LaTeX Font Info:    Checking defaults for OT1/cmr/m/n on input line 30.
LaTeX Font Info:    ... okay on input line 30.
LaTeX Font Info:    Checking defaults for OMS/cmsy/m/n on input line 30.
LaTeX Font Info:    ... okay on input line 30.
LaTeX Font Info:    Checking defaults for OMX/cmex/m/n on input line 30.
LaTeX Font Info:    ... okay on input line 30.
LaTeX Font Info:    Checking defaults for U/cmr/m/n on input line 30.
LaTeX Font Info:    ... okay on input line 30.

("C:\Program Files (x86)\MiKTeX 2.9\tex\context\base\supp-pdf.mkii"
[Loading MPS to PDF converter (version 2006.09.02).]
\scratchcounter=\count147
\scratchdimen=\dimen157
\scratchbox=\box32
\nofMPsegments=\count148
\nofMParguments=\count149
\everyMPshowfont=\toks25
\MPscratchCnt=\count150
\MPscratchDim=\dimen158
\MPnumerator=\count151
\makeMPintoPDFobject=\count152
\everyMPtoPDFconversion=\toks26
)
Package caption Info: Begin \AtBeginDocument code.
Package caption Info: subfig package v1.3 is loaded.
Package caption Info: float package is loaded.
Package caption Info: End \AtBeginDocument code.
 [1

{C:/Users/Brian/AppData/Local/MiKTeX/2.9/pdftex/config/pdftex.map}]
(C:\Users\Brian\Desktop\Masters-Thesis\vita.tex) [2


]
No file publications.tex.
(C:\Users\Brian\Desktop\Masters-Thesis\abstract.tex) [1




]
(C:\Users\Brian\Desktop\Masters-Thesis\main.toc)
\tf@toc=\write3
 [2


]
(C:\Users\Brian\Desktop\Masters-Thesis\main.lof)
\tf@lof=\write4
 [3

]
(C:\Users\Brian\Desktop\Masters-Thesis\main.lot)
\tf@lot=\write5
 [4

]
(C:\Users\Brian\Desktop\Masters-Thesis\ch1_introduction.tex
CHAPTER 1
<on_the_rocks2.jpg, id=22, 5267.68pt x 2963.07pt>
File: on_the_rocks2.jpg Graphic file (type jpg)
 <use on_the_rocks2.jpg>
Package pdftex.def Info: on_the_rocks2.jpg used on input line 9.
(pdftex.def)             Requested size: 368.57964pt x 207.30045pt.


LaTeX Warning: Citation `McGhee1965' on page 1 undefined on input line 14.


LaTeX Warning: Citation `Hodgins1991' on page 1 undefined on input line 14.


LaTeX Warning: Citation `Altendorfer2001' on page 1 undefined on input line 14.



LaTeX Warning: Citation `Kolter2008' on page 1 undefined on input line 14.


LaTeX Warning: Citation `Wieber2015' on page 1 undefined on input line 14.


LaTeX Warning: Citation `Fukuoka2003' on page 1 undefined on input line 14.


LaTeX Warning: Citation `Estremera2006' on page 1 undefined on input line 14.


LaTeX Warning: Citation `BigDog2008' on page 1 undefined on input line 14.


LaTeX Warning: Citation `Semini2010_PHD' on page 1 undefined on input line 14.


LaTeX Warning: Citation `Rebula2007' on page 1 undefined on input line 16.

[1


 <C:/Users/Brian/Desktop/Masters-Thesis/on_the_rocks2.jpg>]

LaTeX Warning: Citation `Ajallooeian2013' on page 2 undefined on input line 18.



LaTeX Warning: Citation `Rutishauser2008' on page 2 undefined on input line 18.



LaTeX Warning: Citation `Ijspeert2008' on page 2 undefined on input line 22.


LaTeX Warning: Citation `Arena2000' on page 2 undefined on input line 22.

[2]

LaTeX Warning: Citation `Righetti2006' on page 3 undefined on input line 26.


LaTeX Warning: Citation `Rutishauser2008' on page 3 undefined on input line 26.



LaTeX Warning: Citation `Matos2010' on page 3 undefined on input line 26.


LaTeX Warning: Citation `Ijspeert2008' on page 3 undefined on input line 26.


LaTeX Warning: Citation `Endo2004' on page 3 undefined on input line 26.


LaTeX Warning: Citation `Arena2001' on page 3 undefined on input line 28.


LaTeX Warning: Citation `Klaassen2002' on page 3 undefined on input line 28.


LaTeX Warning: Citation `Arena2004' on page 3 undefined on input line 28.


LaTeX Warning: Citation `Inagaki2003' on page 3 undefined on input line 28.


LaTeX Warning: Citation `Inagaki2006' on page 3 undefined on input line 28.


LaTeX Warning: Citation `Billard2000' on page 3 undefined on input line 28.


LaTeX Warning: Citation `Brambilla2006' on page 3 undefined on input line 28.


LaTeX Warning: Citation `Buchli2006' on page 3 undefined on input line 28.


LaTeX Warning: Citation `Tsujita2001' on page 3 undefined on input line 28.


LaTeX Warning: Citation `Tsujita2004' on page 3 undefined on input line 28.


LaTeX Warning: Citation `Ijspeert2008' on page 3 undefined on input line 28.

[3]

LaTeX Warning: Citation `Fukuoka2003' on page 4 undefined on input line 32.


LaTeX Warning: Citation `Endo2004' on page 4 undefined on input line 32.


LaTeX Warning: Citation `Vuko1972' on page 4 undefined on input line 36.


LaTeX Warning: Citation `Yamaguchi1993' on page 4 undefined on input line 36.

[4]

LaTeX Warning: Citation `Sardain2004' on page 5 undefined on input line 43.


LaTeX Warning: Citation `Vuko1972' on page 5 undefined on input line 43.


LaTeX Warning: Citation `Goswami1999' on page 5 undefined on input line 43.

LaTeX Font Info:    Try loading font information for U+lasy on input line 45.
("C:\Program Files (x86)\MiKTeX 2.9\tex\latex\base\ulasy.fd"
File: ulasy.fd 1998/08/17 v2.2e LaTeX symbol font definitions
)
LaTeX Font Info:    Try loading font information for U+msa on input line 45.

("C:\Program Files (x86)\MiKTeX 2.9\tex\latex\amsfonts\umsa.fd"
File: umsa.fd 2013/01/14 v3.01 AMS symbols A
)
LaTeX Font Info:    Try loading font information for U+msb on input line 45.

("C:\Program Files (x86)\MiKTeX 2.9\tex\latex\amsfonts\umsb.fd"
File: umsb.fd 2013/01/14 v3.01 AMS symbols B
)

LaTeX Warning: Citation `Wieber2015' on page 5 undefined on input line 65.

[5] <narx_network_diagram.png, id=46, 650.43pt x 433.62pt>
File: narx_network_diagram.png Graphic file (type png)

<use narx_network_diagram.png>
Package pdftex.def Info: narx_network_diagram.png used on input line 100.
(pdftex.def)             Requested size: 346.89731pt x 231.26651pt.


LaTeX Warning: `!h' float specifier changed to `!ht'.


LaTeX Warning: Citation `Tsungnan1996' on page 6 undefined on input line 105.


LaTeX Warning: Citation `ChenBillings1990' on page 6 undefined on input line 10
5.


LaTeX Warning: Citation `Hihi1996' on page 6 undefined on input line 105.


LaTeX Warning: Citation `Billings2013' on page 6 undefined on input line 105.


LaTeX Warning: Reference `fig::narx_net' on page 6 undefined on input line 105.



LaTeX Warning: Citation `Nelles2001' on page 6 undefined on input line 105.

[6]

LaTeX Warning: Citation `Rumelhart1988' on page 7 undefined on input line 109.


LaTeX Warning: Citation `Rumelhart1995' on page 7 undefined on input line 109.


LaTeX Warning: Citation `Rojas1996ch7' on page 7 undefined on input line 109.

[7 <C:/Users/Brian/Desktop/Masters-Thesis/narx_network_diagram.png>]
Overfull \hbox (2.90755pt too wide) in paragraph at lines 144--147
\OT1/cmr/m/n/12 Hence the gra-di-ent which arises for the ac-ti-va-tion map-pin
g at each hid-den layer, $\OMS/cmsy/m/n/12 r[]\OML/cmm/m/it/12 []\OT1/cmr/m/n/
12 (\OML/cmm/m/it/12 y[]\OT1/cmr/m/n/12 )$,
 []


LaTeX Warning: Citation `Hogan1984' on page 8 undefined on input line 176.


LaTeX Warning: Citation `Koren1991' on page 8 undefined on input line 176.


LaTeX Warning: Citation `Koren1991' on page 8 undefined on input line 176.


Overfull \hbox (5.46214pt too wide) in paragraph at lines 176--177
[]\OT1/cmr/m/n/12 The method se-lected for nav-i-gat-ing the Blue-Foot plat-for
m over flat-land is a potential-
 []

[8]

LaTeX Warning: Citation `Koren1991' on page 9 undefined on input line 178.


LaTeX Warning: Citation `ArambulaCosio2004' on page 9 undefined on input line 1
78.


LaTeX Warning: Citation `Koren1991' on page 9 undefined on input line 194.

[9]

LaTeX Warning: Citation `Krishnamurthy2007' on page 10 undefined on input line 
198.

Missing character: There is no â in font cmr12!
Missing character: There is no € in font cmr12!
Missing character: There is no ™ in font cmr12!

LaTeX Warning: Citation `ArambulaCosio2004' on page 10 undefined on input line 
200.


LaTeX Warning: Reference `ch::navigation' on page 10 undefined on input line 20
0.

Missing character: There is no â in font cmr12!
Missing character: There is no € in font cmr12!
Missing character: There is no ™ in font cmr12!
[10]
Missing character: There is no â in font cmr12!
Missing character: There is no € in font cmr12!
Missing character: There is no ™ in font cmr12!
) [11] (C:\Users\Brian\Desktop\Masters-Thesis\ch2_hardware.tex
CHAPTER 2
<robot_selfies.png, id=67, 722.7pt x 361.35pt>
File: robot_selfies.png Graphic file (type png)
 <use robot_selfies.png>
Package pdftex.def Info: robot_selfies.png used on input line 21.
(pdftex.def)             Requested size: 433.62pt x 216.81168pt.
 [12



 <C:/Users/Brian/Desktop/Masters-Thesis/robot_selfies.png>] [13]
<root_full.png, id=77, 1084.05pt x 361.35pt>
File: root_full.png Graphic file (type png)
 <use root_full.png>
Package pdftex.def Info: root_full.png used on input line 60.
(pdftex.def)             Requested size: 433.62pt x 144.53743pt.


LaTeX Warning: Reference `fig::root_module' on page 14 undefined on input line 
65.

[14 <C:/Users/Brian/Desktop/Masters-Thesis/root_full.png>]

LaTeX Warning: Reference `fig::main_module' on page 15 undefined on input line 
69.

<main_full.png, id=82, 1084.05pt x 361.35pt>
File: main_full.png Graphic file (type png)
 <use main_full.png>
Package pdftex.def Info: main_full.png used on input line 73.
(pdftex.def)             Requested size: 433.62pt x 144.53743pt.
 [15 <C:/Users/Brian/Desktop/Masters-Thesis/main_full.png>]

LaTeX Warning: Reference `fig::head_module' on page 16 undefined on input line 
83.

<head_full.png, id=87, 1084.05pt x 361.35pt>
File: head_full.png Graphic file (type png)
 <use head_full.png>
Package pdftex.def Info: head_full.png used on input line 87.
(pdftex.def)             Requested size: 433.62pt x 144.53743pt.
 [16 <C:/Users/Brian/Desktop/Masters-Thesis/head_full.png>]
<leg.png, id=92, 1084.05pt x 361.35pt>
File: leg.png Graphic file (type png)
 <use leg.png>
Package pdftex.def Info: leg.png used on input line 98.
(pdftex.def)             Requested size: 433.62pt x 144.53743pt.


LaTeX Warning: Reference `fig::leg_labeled' on page 17 undefined on input line 
103.

<sea_full.jpg, id=93, 1129.21875pt x 368.1253pt>
File: sea_full.jpg Graphic file (type jpg)
 <use sea_full.jpg>
Package pdftex.def Info: sea_full.jpg used on input line 107.
(pdftex.def)             Requested size: 433.62pt x 141.36075pt.


LaTeX Warning: `!h' float specifier changed to `!ht'.


LaTeX Warning: Reference `fig::sea_bracket' on page 17 undefined on input line 
112.


LaTeX Warning: Reference `tab::link_lens' on page 17 undefined on input line 11
4.


LaTeX Warning: Reference `fig::leg_labeled' on page 17 undefined on input line 
114.

[17 <C:/Users/Brian/Desktop/Masters-Thesis/leg.png>] [18 <C:/Users/Brian/Deskto
p/Masters-Thesis/sea_full.jpg>] [19] [20] [21]
<device_diagram.png, id=111, 1084.05pt x 722.7pt>
File: device_diagram.png Graphic file (type png)
 <use device_diagram.png>
Package pdftex.def Info: device_diagram.png used on input line 193.
(pdftex.def)             Requested size: 433.62pt x 289.07487pt.


LaTeX Warning: Reference `fig::dev_diagram' on page 22 undefined on input line 
199.


LaTeX Warning: Reference `tab::comm_port_pairs' on page 22 undefined on input l
ine 199.


LaTeX Warning: `!h' float specifier changed to `!ht'.

<power_diagram.png, id=112, 1084.05pt x 722.7pt>
File: power_diagram.png Graphic file (type png)
 <use power_diagram.png>
Package pdftex.def Info: power_diagram.png used on input line 227.
(pdftex.def)             Requested size: 433.62pt x 289.07487pt.

[22 <C:/Users/Brian/Desktop/Masters-Thesis/device_diagram.png>]

LaTeX Warning: `!h' float specifier changed to `!ht'.


LaTeX Warning: Reference `tab::power_summary' on page 23 undefined on input lin
e 235.


LaTeX Warning: Reference `tab::runtime_summary' on page 23 undefined on input l
ine 235.


LaTeX Warning: `!h' float specifier changed to `!ht'.


LaTeX Warning: `!h' float specifier changed to `!ht'.

) [23] [24 <C:/Users/Brian/Desktop/Masters-Thesis/power_diagram.png>]
(C:\Users\Brian\Desktop\Masters-Thesis\ch3_software.tex
CHAPTER 3
[25



] <process_diagram.png, id=128, 867.24pt x 621.07031pt>
File: process_diagram.png Graphic file (type png)

<use process_diagram.png>
Package pdftex.def Info: process_diagram.png used on input line 56.
(pdftex.def)             Requested size: 433.62pt x 310.5344pt.


LaTeX Warning: `!h' float specifier changed to `!ht'.


LaTeX Warning: Reference `fig::process_diagram' on page 26 undefined on input l
ine 61.

[26] [27 <C:/Users/Brian/Desktop/Masters-Thesis/process_diagram.png>]

LaTeX Warning: Reference `ch::gait_control' on page 28 undefined on input line 
74.


LaTeX Warning: Reference `ch::system_modeling' on page 28 undefined on input li
ne 76.


LaTeX Warning: Reference `ch::system_modeling' on page 28 undefined on input li
ne 76.


LaTeX Warning: Citation `Squirrel_website' on page 28 undefined on input line 7
8.

[28]

LaTeX Warning: Reference `ch::navigation' on page 29 undefined on input line 82
.


LaTeX Warning: Citation `opencv_library' on page 29 undefined on input line 84.



LaTeX Warning: Citation `openpcl_library' on page 29 undefined on input line 84
.


LaTeX Warning: Citation `boost_website' on page 29 undefined on input line 84.

[29] <comm_flow.png, id=142, 722.7pt x 469.755pt>
File: comm_flow.png Graphic file (type png)
 <use comm_flow.png>
Package pdftex.def Info: comm_flow.png used on input line 92.
(pdftex.def)             Requested size: 433.62pt x 281.85518pt.


LaTeX Warning: Reference `fig::comm_flow' on page 30 undefined on input line 97
.


LaTeX Warning: Reference `tab::gs_to_tm4c_packet' on page 30 undefined on input
 line 97.


LaTeX Warning: `!h' float specifier changed to `!ht'.

[30 <C:/Users/Brian/Desktop/Masters-Thesis/comm_flow.png>]

LaTeX Warning: Reference `tab::tm4c_to_gs_packet' on page 31 undefined on input
 line 113.


LaTeX Warning: Reference `tab::rm48_to_odroid' on page 31 undefined on input li
ne 128.


LaTeX Warning: Reference `tab::odroid_to_rm48' on page 31 undefined on input li
ne 142.

[31]

LaTeX Warning: Citation `WX_Website' on page 32 undefined on input line 171.

[32]

LaTeX Warning: Reference `tab::gs_to_tm4c_packet' on page 33 undefined on input
 line 173.


LaTeX Warning: Reference `tab::tm4c_to_gs_packet' on page 33 undefined on input
 line 173.

) [33] (C:\Users\Brian\Desktop\Masters-Thesis\ch4_modeling.tex
CHAPTER 4

LaTeX Warning: Reference `fig::coordinate_frames' on page 34 undefined on input
 line 20.

<coordinate_frames.png, id=157, 1084.05pt x 722.7pt>
File: coordinate_frames.png Graphic file (type png)

<use coordinate_frames.png>
Package pdftex.def Info: coordinate_frames.png used on input line 24.
(pdftex.def)             Requested size: 433.62pt x 289.07487pt.


LaTeX Warning: `!h' float specifier changed to `!ht'.

[34



]

LaTeX Warning: Reference `tab::dh_params' on page 35 undefined on input line 54
.


LaTeX Warning: Reference `tab::link_lens' on page 35 undefined on input line 54
.


LaTeX Warning: `h' float specifier changed to `ht'.

[35 <C:/Users/Brian/Desktop/Masters-Thesis/coordinate_frames.png>] [36]

LaTeX Warning: Reference `eq::world_joint_positions' on page 37 undefined on in
put line 139.


LaTeX Warning: Reference `eq::world_feet_positions' on page 37 undefined on inp
ut line 139.


LaTeX Warning: Reference `ch::navigation' on page 37 undefined on input line 13
9.


LaTeX Warning: Reference `eq::world_to_dh' on page 37 undefined on input line 1
52.


LaTeX Warning: Reference `eq::rr_to_dh' on page 37 undefined on input line 153.



LaTeX Warning: Reference `eq::world_joint_positions' on page 37 undefined on in
put line 153.


LaTeX Warning: Reference `eq::world_feet_positions' on page 37 undefined on inp
ut line 153.

[37]

LaTeX Warning: Reference `tab::JointLimits' on page 38 undefined on input line 
193.


LaTeX Warning: Reference `tab::DefaultStance' on page 38 undefined on input lin
e 193.

[38]

LaTeX Warning: Reference `tab::HardJointLimits' on page 39 undefined on input l
ine 206.


LaTeX Warning: Reference `fig::pos_and_ori_rom' on page 39 undefined on input l
ine 229.

<pos_rom.png, id=176, 578.16pt x 433.62pt>
File: pos_rom.png Graphic file (type png)
 <use pos_rom.png>
Package pdftex.def Info: pos_rom.png used on input line 232.
(pdftex.def)             Requested size: 214.63977pt x 160.97943pt.

<ori_rom.png, id=177, 578.16pt x 433.62pt>
File: ori_rom.png Graphic file (type png)
 <use ori_rom.png>
Package pdftex.def Info: ori_rom.png used on input line 233.
(pdftex.def)             Requested size: 214.63977pt x 160.97943pt.


LaTeX Warning: Reference `fig::pos_and_ori_rom' on page 39 undefined on input l
ine 237.


LaTeX Warning: `!h' float specifier changed to `!ht'.

[39]

LaTeX Warning: Reference `appendix::a' on page 40 undefined on input line 247.


LaTeX Warning: Reference `eq::world_to_dh' on page 40 undefined on input line 2
53.


LaTeX Warning: Reference `eq::velocity_skew' on page 40 undefined on input line
 266.

[40 <C:/Users/Brian/Desktop/Masters-Thesis/pos_rom.png> <C:/Users/Brian/Desktop
/Masters-Thesis/ori_rom.png>]

LaTeX Warning: Citation `Wieber2006' on page 41 undefined on input line 292.

[41]

LaTeX Warning: Reference `eq::normal_form_dynamics' on page 42 undefined on inp
ut line 294.

[42] <simulation_wide_pic.png, id=192, 1084.05pt x 361.35pt>
File: simulation_wide_pic.png Graphic file (type png)

<use simulation_wide_pic.png>
Package pdftex.def Info: simulation_wide_pic.png used on input line 333.
(pdftex.def)             Requested size: 433.62pt x 144.53743pt.


LaTeX Warning: Citation `ODE_Website' on page 43 undefined on input line 340.


LaTeX Warning: Reference `eq::servo_control_dynamics' on page 43 undefined on i
nput line 342.

[43 <C:/Users/Brian/Desktop/Masters-Thesis/simulation_wide_pic.png>]

LaTeX Warning: Reference `fig::sim_performance_comparison' on page 44 undefined
 on input line 346.


LaTeX Warning: Reference `eq::servo_control_dynamics' on page 44 undefined on i
nput line 346.

<sim_comparison.png, id=198, 578.16pt x 433.62pt>
File: sim_comparison.png Graphic file (type png)
 <use sim_comparison.png>
Package pdftex.def Info: sim_comparison.png used on input line 350.
(pdftex.def)             Requested size: 433.62pt x 325.2142pt.

[44]) [45 <C:/Users/Brian/Desktop/Masters-Thesis/sim_comparison.png (PNG copy)>
] [46] (C:\Users\Brian\Desktop\Masters-Thesis\ch5_gaitcontrol.tex
CHAPTER 5

LaTeX Warning: Citation `Matsuoka1985' on page 47 undefined on input line 14.


LaTeX Warning: Citation `Collins1993' on page 47 undefined on input line 14.


LaTeX Warning: Citation `Endo2004' on page 47 undefined on input line 14.


LaTeX Warning: Citation `Righetti2006' on page 47 undefined on input line 14.


LaTeX Warning: Citation `Ijspeert2008' on page 47 undefined on input line 14.


LaTeX Warning: Citation `Matos2010' on page 47 undefined on input line 14.


LaTeX Warning: Citation `Ajallooeian2013' on page 47 undefined on input line 14
.


LaTeX Warning: Citation `Park2014' on page 47 undefined on input line 14.


LaTeX Warning: Citation `Fukuoka2015' on page 47 undefined on input line 14.


LaTeX Warning: Citation `Wieber2015' on page 47 undefined on input line 14.


LaTeX Warning: Citation `Fukuoka2003' on page 47 undefined on input line 16.


LaTeX Warning: Citation `Endo2004' on page 47 undefined on input line 16.


LaTeX Warning: Citation `Ijspeert2008' on page 47 undefined on input line 23.


LaTeX Warning: Citation `Collins1993' on page 47 undefined on input line 23.

[47



]

LaTeX Warning: Citation `Righetti2006' on page 48 undefined on input line 30.


LaTeX Warning: Citation `Castro2008' on page 48 undefined on input line 30.


LaTeX Warning: Citation `Li2014' on page 48 undefined on input line 30.

[48]

LaTeX Warning: Reference `eq::cpg_W_matrix_def' on page 49 undefined on input l
ine 76.

[49]

LaTeX Warning: Reference `eq::cpg_modulations' on page 50 undefined on input li
ne 104.


LaTeX Warning: Citation `Matos2010' on page 50 undefined on input line 106.


LaTeX Warning: Reference `fig::cpg_phase2_45' on page 50 undefined on input lin
e 132.


LaTeX Warning: Reference `fig::cpg_phase4_45' on page 50 undefined on input lin
e 132.


LaTeX Warning: Reference `eq::cpg_ss_def' on page 50 undefined on input line 13
2.


LaTeX Warning: Reference `eq::cpg_modulations' on page 50 undefined on input li
ne 132.


LaTeX Warning: Citation `Rutishauser2008' on page 50 undefined on input line 13
2.

[50]

LaTeX Warning: Reference `eq::K_two_pace' on page 51 undefined on input line 14
5.


LaTeX Warning: Reference `eq::K_four_pace' on page 51 undefined on input line 1
45.


LaTeX Warning: Reference `fig::cpg_transition' on page 51 undefined on input li
ne 159.

<cpg_phase2_45.png, id=222, 867.24pt x 433.62pt>
File: cpg_phase2_45.png Graphic file (type png)
 <use cpg_phase2_45.png>
Package pdftex.def Info: cpg_phase2_45.png used on input line 162.
(pdftex.def)             Requested size: 433.62pt x 216.80946pt.

<cpg_phase4_45.png, id=223, 867.24pt x 433.62pt>
File: cpg_phase4_45.png Graphic file (type png)
 <use cpg_phase4_45.png>
Package pdftex.def Info: cpg_phase4_45.png used on input line 168.
(pdftex.def)             Requested size: 433.62pt x 216.80946pt.

<cpg_transition.png, id=224, 578.16pt x 433.62pt>
File: cpg_transition.png Graphic file (type png)
 <use cpg_transition.png>
Package pdftex.def Info: cpg_transition.png used on input line 174.
(pdftex.def)             Requested size: 433.62pt x 325.2142pt.


LaTeX Warning: `!h' float specifier changed to `!ht'.


LaTeX Warning: `!h' float specifier changed to `!ht'.


LaTeX Warning: Reference `eq::cpg_ss_def' on page 51 undefined on input line 18
4.

[51 <C:/Users/Brian/Desktop/Masters-Thesis/cpg_phase2_45.png (PNG copy)>]

LaTeX Warning: Text page 52 contains only floats.

[52 <C:/Users/Brian/Desktop/Masters-Thesis/cpg_phase4_45.png (PNG copy)> <C:/Us
ers/Brian/Desktop/Masters-Thesis/cpg_transition.png (PNG copy)>]
<virtual_foothold.png, id=231, 722.7pt x 361.35pt>
File: virtual_foothold.png Graphic file (type png)
 <use virtual_foothold.png>
Package pdftex.def Info: virtual_foothold.png used on input line 195.
(pdftex.def)             Requested size: 433.62pt x 216.81168pt.


LaTeX Warning: `!h' float specifier changed to `!ht'.

[53]

LaTeX Warning: Reference `fig::foot_motion2' on page 54 undefined on input line
 222.


LaTeX Warning: Reference `fig::foot_motion4' on page 54 undefined on input line
 222.

<step_pattern_2.png, id=235, 867.24pt x 433.62pt>
File: step_pattern_2.png Graphic file (type png)
 <use step_pattern_2.png>
Package pdftex.def Info: step_pattern_2.png used on input line 226.
(pdftex.def)             Requested size: 390.25534pt x 195.1272pt.

<step_pattern_4.png, id=236, 867.24pt x 433.62pt>
File: step_pattern_4.png Graphic file (type png)
 <use step_pattern_4.png>
Package pdftex.def Info: step_pattern_4.png used on input line 232.
(pdftex.def)             Requested size: 390.25534pt x 195.1272pt.


LaTeX Warning: `!h' float specifier changed to `!ht'.


LaTeX Warning: `!h' float specifier changed to `!ht'.


LaTeX Warning: Citation `Kajita2003' on page 54 undefined on input line 242.


LaTeX Warning: Citation `Katie2009' on page 54 undefined on input line 242.


LaTeX Warning: Citation `Takanishi1989' on page 54 undefined on input line 242.



LaTeX Warning: Citation `Kurazume2003' on page 54 undefined on input line 242.

[54 <C:/Users/Brian/Desktop/Masters-Thesis/virtual_foothold.png>] [55 <C:/Users
/Brian/Desktop/Masters-Thesis/step_pattern_2.png (PNG copy)> <C:/Users/Brian/De
sktop/Masters-Thesis/step_pattern_4.png (PNG copy)>]

LaTeX Warning: Citation `Kurazume2003' on page 56 undefined on input line 244.


LaTeX Warning: Reference `sec::system_kinematics' on page 56 undefined on input
 line 262.

[56]

LaTeX Warning: Reference `eq::net_moment' on page 57 undefined on input line 27
8.


LaTeX Warning: Reference `fig::body_motion2' on page 57 undefined on input line
 295.


LaTeX Warning: Reference `fig::body_motion4' on page 57 undefined on input line
 295.

<body_motion2.png, id=248, 578.16pt x 433.62pt>
File: body_motion2.png Graphic file (type png)
 <use body_motion2.png>
Package pdftex.def Info: body_motion2.png used on input line 298.
(pdftex.def)             Requested size: 433.62pt x 325.2142pt.

<body_motion4.png, id=249, 578.16pt x 433.62pt>
File: body_motion4.png Graphic file (type png)
 <use body_motion4.png>
Package pdftex.def Info: body_motion4.png used on input line 304.
(pdftex.def)             Requested size: 433.62pt x 325.2142pt.
 [57]

LaTeX Warning: `!h' float specifier changed to `!ht'.

[58 <C:/Users/Brian/Desktop/Masters-Thesis/body_motion2.png (PNG copy)>]

LaTeX Warning: Reference `fig::quadruped_walking' on page 59 undefined on input
 line 319.

<tipping_robot.png, id=256, 650.43pt x 433.62pt>
File: tipping_robot.png Graphic file (type png)
 <use tipping_robot.png>
Package pdftex.def Info: tipping_robot.png used on input line 323.
(pdftex.def)             Requested size: 346.89731pt x 231.26651pt.


LaTeX Warning: `!h' float specifier changed to `!ht'.

[59 <C:/Users/Brian/Desktop/Masters-Thesis/body_motion4.png (PNG copy)>]

LaTeX Warning: Reference `ch::introduction' on page 60 undefined on input line 
333.


LaTeX Warning: Reference `eq::training_signal' on page 60 undefined on input li
ne 333.

[60 <C:/Users/Brian/Desktop/Masters-Thesis/tipping_robot.png>]

LaTeX Warning: Reference `eq::sampled_dynamics' on page 61 undefined on input l
ine 350.

LaTeX Font Info:    Try loading font information for OMS+cmr on input line 371.

("C:\Program Files (x86)\MiKTeX 2.9\tex\latex\base\omscmr.fd"
File: omscmr.fd 1999/05/25 v2.5h Standard LaTeX font definitions
)
LaTeX Font Info:    Font shape `OMS/cmr/m/n' in size <12> not available
(Font)              Font shape `OMS/cmsy/m/n' tried instead on input line 371.


LaTeX Warning: Reference `eq::training_signal' on page 61 undefined on input li
ne 371.


LaTeX Warning: Citation `Battiti1992' on page 61 undefined on input line 376.


LaTeX Warning: Citation `Magoulas1999' on page 61 undefined on input line 376.

[61]

LaTeX Warning: Reference `eq::sub_dynamics' on page 62 undefined on input line 
407.


LaTeX Warning: Reference `eq::psuedo_torque' on page 62 undefined on input line
 414.

[62]

LaTeX Warning: Reference `eq::servo_control_dynamics' on page 63 undefined on i
nput line 422.


LaTeX Warning: Reference `eq::psuedo_torque_k' on page 63 undefined on input li
ne 423.

<controller_diagram.png, id=270, 650.43pt x 433.62pt>
File: controller_diagram.png Graphic file (type png)

<use controller_diagram.png>
Package pdftex.def Info: controller_diagram.png used on input line 437.
(pdftex.def)             Requested size: 433.62pt x 289.0881pt.


LaTeX Warning: `!h' float specifier changed to `!ht'.


LaTeX Warning: Reference `fig::quadruped_walking' on page 63 undefined on input
 line 443.


LaTeX Warning: Reference `fig::narx100_a35_nne' on page 63 undefined on input l
ine 443.

[63]

LaTeX Warning: Reference `fig::narx60_a125_nne' on page 64 undefined on input l
ine 452.


LaTeX Warning: Reference `fig::narx60_a250_nne' on page 64 undefined on input l
ine 452.


LaTeX Warning: Reference `fig::narx60_a350_nne' on page 64 undefined on input l
ine 452.


LaTeX Warning: Reference `fig::narx60_a250_nne' on page 64 undefined on input l
ine 452.


LaTeX Warning: Reference `fig::narx80_a35' on page 64 undefined on input line 4
52.

<aux_V_100mms_nN_50_nL_2_nns.png, id=274, 578.16pt x 433.62pt>
File: aux_V_100mms_nN_50_nL_2_nns.png Graphic file (type png)

<use aux_V_100mms_nN_50_nL_2_nns.png>
Package pdftex.def Info: aux_V_100mms_nN_50_nL_2_nns.png used on input line 456
.
(pdftex.def)             Requested size: 368.57964pt x 276.43074pt.


LaTeX Warning: Reference `fig::narx100_a35' on page 64 undefined on input line 
457.


LaTeX Warning: Reference `fig::narx100_a35' on page 64 undefined on input line 
457.

<alpha0125_V_60mms_nN_50_nL_2_pos.png, id=275, 578.16pt x 433.62pt>
File: alpha0125_V_60mms_nN_50_nL_2_pos.png Graphic file (type png)

<use alpha0125_V_60mms_nN_50_nL_2_pos.png>
Package pdftex.def Info: alpha0125_V_60mms_nN_50_nL_2_pos.png used on input lin
e 462.
(pdftex.def)             Requested size: 368.57964pt x 276.43074pt.

<alpha0250_V_60mms_nN_50_nL_2_pos.png, id=276, 578.16pt x 433.62pt>
File: alpha0250_V_60mms_nN_50_nL_2_pos.png Graphic file (type png)

<use alpha0250_V_60mms_nN_50_nL_2_pos.png>
Package pdftex.def Info: alpha0250_V_60mms_nN_50_nL_2_pos.png used on input lin
e 468.
(pdftex.def)             Requested size: 368.57964pt x 276.43074pt.

<alpha0350_V_60mms_nN_50_nL_2_pos.png, id=277, 578.16pt x 433.62pt>
File: alpha0350_V_60mms_nN_50_nL_2_pos.png Graphic file (type png)

<use alpha0350_V_60mms_nN_50_nL_2_pos.png>
Package pdftex.def Info: alpha0350_V_60mms_nN_50_nL_2_pos.png used on input lin
e 474.
(pdftex.def)             Requested size: 368.57964pt x 276.43074pt.

<aux_V_80mms_nN_50_nL_2_pos.png, id=278, 578.16pt x 433.62pt>
File: aux_V_80mms_nN_50_nL_2_pos.png Graphic file (type png)

<use aux_V_80mms_nN_50_nL_2_pos.png>
Package pdftex.def Info: aux_V_80mms_nN_50_nL_2_pos.png used on input line 480.

(pdftex.def)             Requested size: 368.57964pt x 276.43074pt.

<aux_V_100mms_nN_50_nL_2_pos.png, id=279, 578.16pt x 433.62pt>
File: aux_V_100mms_nN_50_nL_2_pos.png Graphic file (type png)

<use aux_V_100mms_nN_50_nL_2_pos.png>
Package pdftex.def Info: aux_V_100mms_nN_50_nL_2_pos.png used on input line 486
.
(pdftex.def)             Requested size: 368.57964pt x 276.43074pt.
) [64 <C:/Users/Brian/Desktop/Masters-Thesis/controller_diagram.png>]

LaTeX Warning: `!h' float specifier changed to `!ht'.


LaTeX Warning: `!h' float specifier changed to `!ht'.

[65 <C:/Users/Brian/Desktop/Masters-Thesis/aux_V_100mms_nN_50_nL_2_nns.png (PNG
 copy)>] [66 <C:/Users/Brian/Desktop/Masters-Thesis/alpha0125_V_60mms_nN_50_nL_
2_pos.png (PNG copy)> <C:/Users/Brian/Desktop/Masters-Thesis/alpha0250_V_60mms_
nN_50_nL_2_pos.png (PNG copy)>] [67 <C:/Users/Brian/Desktop/Masters-Thesis/alph
a0350_V_60mms_nN_50_nL_2_pos.png (PNG copy)> <C:/Users/Brian/Desktop/Masters-Th
esis/aux_V_80mms_nN_50_nL_2_pos.png (PNG copy)>] [68 <C:/Users/Brian/Desktop/Ma
sters-Thesis/aux_V_100mms_nN_50_nL_2_pos.png (PNG copy)>]
(C:\Users\Brian\Desktop\Masters-Thesis\ch6_navigation.tex
CHAPTER 6
[69



]

LaTeX Warning: Reference `eq::min_dis_potential_function' on page 70 undefined 
on input line 32.


LaTeX Warning: Citation `ArambulaCosio2004' on page 70 undefined on input line 
32.


LaTeX Warning: Reference `eq::min_dis_potential_function' on page 70 undefined 
on input line 32.


LaTeX Warning: Reference `fig::potential_field' on page 70 undefined on input l
ine 42.

<potential_field.png, id=299, 578.16pt x 433.62pt>
File: potential_field.png Graphic file (type png)
 <use potential_field.png>
Package pdftex.def Info: potential_field.png used on input line 45.
(pdftex.def)             Requested size: 433.62pt x 325.2142pt.

[70] [71 <C:/Users/Brian/Desktop/Masters-Thesis/potential_field.png (PNG copy)>
] <potential_field_full.png, id=307, 1084.05pt x 903.375pt>
File: potential_field_full.png Graphic file (type png)

<use potential_field_full.png>
Package pdftex.def Info: potential_field_full.png used on input line 75.
(pdftex.def)             Requested size: 433.62pt x 361.3436pt.


LaTeX Warning: `!h' float specifier changed to `!ht'.

<potential_field_full_obstacles.png, id=308, 1084.05pt x 505.89pt>
File: potential_field_full_obstacles.png Graphic file (type png)

<use potential_field_full_obstacles.png>
Package pdftex.def Info: potential_field_full_obstacles.png used on input line 
81.
(pdftex.def)             Requested size: 433.62pt x 202.3524pt.


LaTeX Warning: `!h' float specifier changed to `!ht'.


LaTeX Warning: Reference `fig::potential_field_results' on page 72 undefined on
 input line 86.


LaTeX Warning: Reference `fig::potential_field_results_obstacles' on page 72 un
defined on input line 86.


LaTeX Warning: Citation `opencv_library' on page 72 undefined on input line 93.


[72] [73 <C:/Users/Brian/Desktop/Masters-Thesis/potential_field_full.png>]
[74 <C:/Users/Brian/Desktop/Masters-Thesis/potential_field_full_obstacles.png>]
[75] <laser-sweep.png, id=325, 963.6pt x 542.025pt>
File: laser-sweep.png Graphic file (type png)
 <use laser-sweep.png>
Package pdftex.def Info: laser-sweep.png used on input line 134.
(pdftex.def)             Requested size: 433.62pt x 243.90898pt.


LaTeX Warning: Reference `sec::inverse_position_kinematics' on page 76 undefine
d on input line 138.

[76 <C:/Users/Brian/Desktop/Masters-Thesis/laser-sweep.png>]

LaTeX Warning: Reference `ch::system_modeling' on page 77 undefined on input li
ne 143.

<rough_terrain.png, id=330, 722.7pt x 1084.05pt>
File: rough_terrain.png Graphic file (type png)
 <use rough_terrain.png>
Package pdftex.def Info: rough_terrain.png used on input line 165.
(pdftex.def)             Requested size: 346.89731pt x 520.33809pt.


LaTeX Warning: `!h' float specifier changed to `!ht'.

[77] [78 <C:/Users/Brian/Desktop/Masters-Thesis/rough_terrain.png>]

LaTeX Warning: Citation `opencv_learn_immorph' on page 79 undefined on input li
ne 230.

<terrain_grad_crop.png, id=338, 523.4757pt x 225.7233pt>
File: terrain_grad_crop.png Graphic file (type png)

<use terrain_grad_crop.png>
Package pdftex.def Info: terrain_grad_crop.png used on input line 233.
(pdftex.def)             Requested size: 433.62pt x 186.97829pt.
 <terrain_4545.png, id=339, 578.16pt x 433.62pt>
File: terrain_4545.png Graphic file (type png)

<use terrain_4545.png>
Package pdftex.def Info: terrain_4545.png used on input line 239.
(pdftex.def)             Requested size: 433.62pt x 325.2142pt.


LaTeX Warning: Reference `alg::hmconvert' on page 79 undefined on input line 24
3.


LaTeX Warning: Reference `eq::toheightmapframe' on page 79 undefined on input l
ine 243.


LaTeX Warning: Reference `fig::heightmap_terrain_patch' on page 79 undefined on
 input line 243.


LaTeX Warning: `!h' float specifier changed to `!ht'.

[79] [80 <C:/Users/Brian/Desktop/Masters-Thesis/terrain_grad_crop.png> <C:/User
s/Brian/Desktop/Masters-Thesis/terrain_4545.png (PNG copy)>] [81]

LaTeX Warning: Reference `fig::cost_map' on page 82 undefined on input line 303
.


LaTeX Warning: Reference `fig::heightmap_terrain_patch' on page 82 undefined on
 input line 303.

<cost_map.png, id=351, 771.1209pt x 365.4453pt>
File: cost_map.png Graphic file (type png)
 <use cost_map.png>
Package pdftex.def Info: cost_map.png used on input line 307.
(pdftex.def)             Requested size: 433.62pt x 205.50113pt.


LaTeX Warning: Reference `fig::heightmap_terrain_patch' on page 82 undefined on
 input line 308.


LaTeX Warning: Reference `fig::heightmap_terrain_patch' on page 82 undefined on
 input line 308.

[82]

LaTeX Warning: Reference `eq::toheightmapframe' on page 83 undefined on input l
ine 316.


LaTeX Warning: Citation `Rusu2009' on page 83 undefined on input line 322.

[83 <C:/Users/Brian/Desktop/Masters-Thesis/cost_map.png>]

LaTeX Warning: Citation `{\cal M}itra2003' on page 84 undefined on input line 3
43.


LaTeX Warning: Citation `Castillo2013' on page 84 undefined on input line 343.


LaTeX Warning: Citation `Pearson1901' on page 84 undefined on input line 343.


LaTeX Warning: Reference `fig::surface_estimation' on page 84 undefined on inpu
t line 343.

[84]

LaTeX Warning: Reference `alg::goodspacestostep' on page 85 undefined on input 
line 345.

<surf_reconstruction.png, id=362, 963.6pt x 1228.59pt>
File: surf_reconstruction.png Graphic file (type png)

<use surf_reconstruction.png>
Package pdftex.def Info: surf_reconstruction.png used on input line 349.
(pdftex.def)             Requested size: 433.62pt x 552.8604pt.


LaTeX Warning: `!h' float specifier changed to `!ht'.

) [85]

LaTeX Warning: Text page 86 contains only floats.

[86 <C:/Users/Brian/Desktop/Masters-Thesis/surf_reconstruction.png>]
(C:\Users\Brian\Desktop\Masters-Thesis\ch7_closing_remarks.tex
CHAPTER 7

LaTeX Warning: Citation `other dudes' on page 87 undefined on input line 11.

) [87



] [88] (C:\Users\Brian\Desktop\Masters-Thesis\appendix_a.tex
Appendix 1
[89



]) [90] (C:\Users\Brian\Desktop\Masters-Thesis\main.bbl
Missing character: There is no Å in font cmr12!
Missing character: There is no „ in font cmr12!
Missing character: There is no Å in font cmr12!
Missing character: There is no „ in font cmr12!
Missing character: There is no â in font cmti12!
Missing character: There is no € in font cmti12!
Missing character: There is no “ in font cmti12!
 [91

]
Missing character: There is no â in font cmr12!
Missing character: There is no € in font cmr12!
Missing character: There is no “ in font cmr12!
Missing character: There is no â in font cmr12!
Missing character: There is no € in font cmr12!
Missing character: There is no ” in font cmr12!
Missing character: There is no â in font cmr12!
Missing character: There is no € in font cmr12!
Missing character: There is no “ in font cmr12!
 [92]
Missing character: There is no Ä in font cmr12!
Missing character: There is no ‡ in font cmr12!
 [93]
[94]
Missing character: There is no Ã in font cmr12!
Missing character: There is no ­ in font cmr12!
Missing character: There is no Ã in font cmr12!
Missing character: There is no ± in font cmr12!
Missing character: There is no â in font cmr12!
Missing character: There is no € in font cmr12!
Missing character: There is no “ in font cmr12!

Underfull \hbox (badness 10000) in paragraph at lines 302--304
[]\OT1/cmr/m/n/12 wxWidgets, Cross-Platform GUI Li-brary, 2015.  [On-line;
 []

[95]
Missing character: There is no Å in font cmr12!
Missing character: There is no ™ in font cmr12!
Missing character: There is no Ä in font cmr12!
Missing character: There is no  in font cmr12!
 [96]
Missing character: There is no â in font cmr12!
Missing character: There is no € in font cmr12!
Missing character: There is no ™ in font cmr12!
Missing character: There is no Ã in font cmr12!
Missing character: There is no Ÿ in font cmr12!
) [97] (C:\Users\Brian\Desktop\Masters-Thesis\main.aux
(C:\Users\Brian\Desktop\Masters-Thesis\vita.aux)
(C:\Users\Brian\Desktop\Masters-Thesis\publications.aux)
(C:\Users\Brian\Desktop\Masters-Thesis\abstract.aux)
(C:\Users\Brian\Desktop\Masters-Thesis\ch1_introduction.aux)
(C:\Users\Brian\Desktop\Masters-Thesis\ch2_hardware.aux)
(C:\Users\Brian\Desktop\Masters-Thesis\ch3_software.aux)
(C:\Users\Brian\Desktop\Masters-Thesis\ch4_modeling.aux)
(C:\Users\Brian\Desktop\Masters-Thesis\ch5_gaitcontrol.aux)
(C:\Users\Brian\Desktop\Masters-Thesis\ch6_navigation.aux)
(C:\Users\Brian\Desktop\Masters-Thesis\ch7_closing_remarks.aux)
(C:\Users\Brian\Desktop\Masters-Thesis\appendix_a.aux))

LaTeX Warning: There were undefined references.


LaTeX Warning: Label(s) may have changed. Rerun to get cross-references right.

 ) 
Here is how much of TeX's memory you used:
 5613 strings out of 493921
 85263 string characters out of 3144877
 151642 words of memory out of 3000000
 8715 multiletter control sequences out of 15000+200000
 14548 words of font info for 55 fonts, out of 3000000 for 9000
 841 hyphenation exceptions out of 8191
 46i,17n,42p,2358b,327s stack positions out of 5000i,500n,10000p,200000b,50000s
<C:/Program Files (x86)/MiKTeX 2.9/fonts/type1/public/amsfonts/cm/cmbx12.pfb>
<C:/Program Files (x86)/MiKTeX 2.9/fonts/type1/public/amsfonts/cm/cmex10.pfb><C
:/Program Files (x86)/MiKTeX 2.9/fonts/type1/public/amsfonts/cm/cmmi12.pfb><C:/
Program Files (x86)/MiKTeX 2.9/fonts/type1/public/amsfonts/cm/cmmi6.pfb><C:/Pro
gram Files (x86)/MiKTeX 2.9/fonts/type1/public/amsfonts/cm/cmmi8.pfb><C:/Progra
m Files (x86)/MiKTeX 2.9/fonts/type1/public/amsfonts/cm/cmr12.pfb><C:/Program F
iles (x86)/MiKTeX 2.9/fonts/type1/public/amsfonts/cm/cmr6.pfb><C:/Program Files
 (x86)/MiKTeX 2.9/fonts/type1/public/amsfonts/cm/cmr8.pfb><C:/Program Files (x8
6)/MiKTeX 2.9/fonts/type1/public/amsfonts/cm/cmsy10.pfb><C:/Program Files (x86)
/MiKTeX 2.9/fonts/type1/public/amsfonts/cm/cmsy6.pfb><C:/Program Files (x86)/Mi
KTeX 2.9/fonts/type1/public/amsfonts/cm/cmsy8.pfb><C:/Program Files (x86)/MiKTe
X 2.9/fonts/type1/public/amsfonts/cm/cmti12.pfb><C:/Program Files (x86)/MiKTeX 
2.9/fonts/type1/public/amsfonts/cm/cmti8.pfb><C:/Program Files (x86)/MiKTeX 2.9
/fonts/type1/public/amsfonts/symbols/msbm10.pfb>
Output written on main.pdf (103 pages, 15413361 bytes).
PDF statistics:
 453 PDF objects out of 1000 (max. 8388607)
 0 named destinations out of 1000 (max. 500000)
 211 words of extra memory for PDF output out of 10000 (max. 10000000)

